<?xml version="1.0" encoding="UTF-8"?>
<testsuite xmlns:xsi="http://www.w3.org/2001/XMLSchema-instance" xsi:noNamespaceSchemaLocation="https://maven.apache.org/surefire/maven-surefire-plugin/xsd/surefire-test-report-3.0.xsd" version="3.0" name="com.softnix.moviebooking.concurrency.ConcurrentBookingIntegrationTest" time="19.105" tests="1" errors="0" skipped="0" failures="0">
  <properties>
[...]
</properties>
  <testcase name="testConcurrentBookingSameSeat" classname="com.softnix.moviebooking.concurrency.ConcurrentBookingIntegrationTest" time="1.128">
    <system-out><![CDATA[22:59:07.706 [main] INFO org.springframework.test.context.support.AnnotationConfigContextLoaderUtils -- Could not detect default configuration classes for test class [com.softnix.moviebooking.concurrency.ConcurrentBookingIntegrationTest]: ConcurrentBookingIntegrationTest does not declare any static, non-private, non-final, nested classes annotated with @Configuration.
22:59:08.296 [main] INFO org.springframework.boot.test.context.SpringBootTestContextBootstrapper -- Found @SpringBootConfiguration com.softnix.moviebooking.MovieBookingApplication for test class com.softnix.moviebooking.concurrency.ConcurrentBookingIntegrationTest

  .   ____          _            __ _ _
 /\\ / ___'_ __ _ _(_)_ __  __ _ \ \ \ \
( ( )\___ | '_ | '_| | '_ \/ _` | \ \ \ \
 \\/  ___)| |_)| | | | | || (_| |  ) ) ) )
  '  |____| .__|_| |_|_| |_\__, | / / / /
 =========|_|==============|___/=/_/_/_/

 :: Spring Boot ::                (v3.3.3)

2026-08-27T22:59:10.604+05:30  INFO 800 --- [movie-ticket-booking-system] [           main] c.s.m.c.ConcurrentBookingIntegrationTest : Starting ConcurrentBookingIntegrationTest using Java 25.0.1 with PID 800 (started by gokul in C:\Users\gokul\Movie_Ticket_Booking_System)
2026-08-27T22:59:10.637+05:30  INFO 800 --- [movie-ticket-booking-system] [           main] c.s.m.c.ConcurrentBookingIntegrationTest : The following 1 profile is active: "test"
2026-08-27T22:59:16.978+05:30  WARN 800 --- [movie-ticket-booking-system] [           main] org.hibernate.orm.deprecation            : HHH90000025: H2Dialect does not need to be specified explicitly using 'hibernate.dialect' (remove the property setting and it will be selected by default)
2026-08-27T22:59:24.857+05:30  INFO 800 --- [movie-ticket-booking-system] [           main] c.s.m.c.ConcurrentBookingIntegrationTest : Started ConcurrentBookingIntegrationTest in 15.412 seconds (process running for 20.151)
2026-08-27T22:59:25.074+05:30  INFO 800 --- [movie-ticket-booking-system] [           main] c.s.moviebooking.service.ShowService     : Creating new show for movie: 'Oppenheimer', showTime: 2026-09-03T17:29:25.050788500Z, seats: 10, price: 300.00
2026-08-27T22:59:25.344+05:30  INFO 800 --- [movie-ticket-booking-system] [           main] c.s.moviebooking.service.ShowService     : Show created successfully with ID: 1 and 10 seats.
2026-08-27T22:59:25.596+05:30  INFO 800 --- [movie-ticket-booking-system] [pool-2-thread-4] c.s.moviebooking.service.BookingService  : Processing booking request: showId=1, seatId=1, customerId='CUST-4'
2026-08-27T22:59:25.596+05:30  INFO 800 --- [movie-ticket-booking-system] [pool-2-thread-3] c.s.moviebooking.service.BookingService  : Processing booking request: showId=1, seatId=1, customerId='CUST-3'
2026-08-27T22:59:25.596+05:30  INFO 800 --- [movie-ticket-booking-system] [ool-2-thread-10] c.s.moviebooking.service.BookingService  : Processing booking request: showId=1, seatId=1, customerId='CUST-10'
2026-08-27T22:59:25.596+05:30  INFO 800 --- [movie-ticket-booking-system] [pool-2-thread-9] c.s.moviebooking.service.BookingService  : Processing booking request: showId=1, seatId=1, customerId='CUST-9'
2026-08-27T22:59:25.596+05:30  INFO 800 --- [movie-ticket-booking-system] [pool-2-thread-7] c.s.moviebooking.service.BookingService  : Processing booking request: showId=1, seatId=1, customerId='CUST-7'
2026-08-27T22:59:25.599+05:30  INFO 800 --- [movie-ticket-booking-system] [pool-2-thread-8] c.s.moviebooking.service.BookingService  : Processing booking request: showId=1, seatId=1, customerId='CUST-8'
2026-08-27T22:59:25.635+05:30  INFO 800 --- [movie-ticket-booking-system] [pool-2-thread-2] c.s.moviebooking.service.BookingService  : Processing booking request: showId=1, seatId=1, customerId='CUST-2'
2026-08-27T22:59:25.655+05:30  INFO 800 --- [movie-ticket-booking-system] [pool-2-thread-8] c.s.moviebooking.service.BookingService  : Seat A1 booked successfully! BookingId: 1, AmountPaid: 300.00
2026-08-27T22:59:25.667+05:30  INFO 800 --- [movie-ticket-booking-system] [ool-2-thread-20] c.s.moviebooking.service.BookingService  : Processing booking request: showId=1, seatId=1, customerId='CUST-20'
2026-08-27T22:59:25.679+05:30  INFO 800 --- [movie-ticket-booking-system] [ool-2-thread-17] c.s.moviebooking.service.BookingService  : Processing booking request: showId=1, seatId=1, customerId='CUST-17'
2026-08-27T22:59:25.680+05:30  WARN 800 --- [movie-ticket-booking-system] [pool-2-thread-9] c.s.moviebooking.service.BookingService  : Booking conflict: Seat A1 (ID: 1) for show 1 is already booked.
2026-08-27T22:59:25.682+05:30  WARN 800 --- [movie-ticket-booking-system] [pool-2-thread-7] c.s.moviebooking.service.BookingService  : Booking conflict: Seat A1 (ID: 1) for show 1 is already booked.
2026-08-27T22:59:25.685+05:30  INFO 800 --- [movie-ticket-booking-system] [pool-2-thread-5] c.s.moviebooking.service.BookingService  : Processing booking request: showId=1, seatId=1, customerId='CUST-5'
2026-08-27T22:59:25.685+05:30  INFO 800 --- [movie-ticket-booking-system] [pool-2-thread-6] c.s.moviebooking.service.BookingService  : Processing booking request: showId=1, seatId=1, customerId='CUST-6'
2026-08-27T22:59:25.686+05:30  WARN 800 --- [movie-ticket-booking-system] [pool-2-thread-4] c.s.moviebooking.service.BookingService  : Booking conflict: Seat A1 (ID: 1) for show 1 is already booked.
2026-08-27T22:59:25.687+05:30  INFO 800 --- [movie-ticket-booking-system] [ool-2-thread-19] c.s.moviebooking.service.BookingService  : Processing booking request: showId=1, seatId=1, customerId='CUST-19'
2026-08-27T22:59:25.687+05:30  WARN 800 --- [movie-ticket-booking-system] [pool-2-thread-3] c.s.moviebooking.service.BookingService  : Booking conflict: Seat A1 (ID: 1) for show 1 is already booked.
2026-08-27T22:59:25.688+05:30  INFO 800 --- [movie-ticket-booking-system] [ool-2-thread-13] c.s.moviebooking.service.BookingService  : Processing booking request: showId=1, seatId=1, customerId='CUST-13'
2026-08-27T22:59:25.690+05:30  WARN 800 --- [movie-ticket-booking-system] [ool-2-thread-10] c.s.moviebooking.service.BookingService  : Booking conflict: Seat A1 (ID: 1) for show 1 is already booked.
2026-08-27T22:59:25.690+05:30  INFO 800 --- [movie-ticket-booking-system] [ool-2-thread-12] c.s.moviebooking.service.BookingService  : Processing booking request: showId=1, seatId=1, customerId='CUST-12'
2026-08-27T22:59:25.690+05:30  WARN 800 --- [movie-ticket-booking-system] [ool-2-thread-20] c.s.moviebooking.service.BookingService  : Booking conflict: Seat A1 (ID: 1) for show 1 is already booked.
2026-08-27T22:59:25.691+05:30  INFO 800 --- [movie-ticket-booking-system] [ool-2-thread-11] c.s.moviebooking.service.BookingService  : Processing booking request: showId=1, seatId=1, customerId='CUST-11'
2026-08-27T22:59:25.692+05:30  WARN 800 --- [movie-ticket-booking-system] [pool-2-thread-2] c.s.moviebooking.service.BookingService  : Booking conflict: Seat A1 (ID: 1) for show 1 is already booked.
2026-08-27T22:59:25.693+05:30  INFO 800 --- [movie-ticket-booking-system] [ool-2-thread-18] c.s.moviebooking.service.BookingService  : Processing booking request: showId=1, seatId=1, customerId='CUST-18'
2026-08-27T22:59:25.693+05:30  WARN 800 --- [movie-ticket-booking-system] [pool-2-thread-6] c.s.moviebooking.service.BookingService  : Booking conflict: Seat A1 (ID: 1) for show 1 is already booked.
2026-08-27T22:59:25.694+05:30  INFO 800 --- [movie-ticket-booking-system] [ool-2-thread-16] c.s.moviebooking.service.BookingService  : Processing booking request: showId=1, seatId=1, customerId='CUST-16'
2026-08-27T22:59:25.694+05:30  WARN 800 --- [movie-ticket-booking-system] [ool-2-thread-17] c.s.moviebooking.service.BookingService  : Booking conflict: Seat A1 (ID: 1) for show 1 is already booked.
2026-08-27T22:59:25.695+05:30  INFO 800 --- [movie-ticket-booking-system] [ool-2-thread-15] c.s.moviebooking.service.BookingService  : Processing booking request: showId=1, seatId=1, customerId='CUST-15'
2026-08-27T22:59:25.695+05:30  WARN 800 --- [movie-ticket-booking-system] [ool-2-thread-19] c.s.moviebooking.service.BookingService  : Booking conflict: Seat A1 (ID: 1) for show 1 is already booked.
2026-08-27T22:59:25.697+05:30  INFO 800 --- [movie-ticket-booking-system] [pool-2-thread-1] c.s.moviebooking.service.BookingService  : Processing booking request: showId=1, seatId=1, customerId='CUST-1'
2026-08-27T22:59:25.698+05:30  WARN 800 --- [movie-ticket-booking-system] [ool-2-thread-13] c.s.moviebooking.service.BookingService  : Booking conflict: Seat A1 (ID: 1) for show 1 is already booked.
2026-08-27T22:59:25.698+05:30  INFO 800 --- [movie-ticket-booking-system] [ool-2-thread-14] c.s.moviebooking.service.BookingService  : Processing booking request: showId=1, seatId=1, customerId='CUST-14'
2026-08-27T22:59:25.699+05:30  WARN 800 --- [movie-ticket-booking-system] [ool-2-thread-12] c.s.moviebooking.service.BookingService  : Booking conflict: Seat A1 (ID: 1) for show 1 is already booked.
2026-08-27T22:59:25.701+05:30  WARN 800 --- [movie-ticket-booking-system] [ool-2-thread-18] c.s.moviebooking.service.BookingService  : Booking conflict: Seat A1 (ID: 1) for show 1 is already booked.
2026-08-27T22:59:25.703+05:30  WARN 800 --- [movie-ticket-booking-system] [ool-2-thread-11] c.s.moviebooking.service.BookingService  : Booking conflict: Seat A1 (ID: 1) for show 1 is already booked.
2026-08-27T22:59:25.707+05:30  WARN 800 --- [movie-ticket-booking-system] [ool-2-thread-15] c.s.moviebooking.service.BookingService  : Booking conflict: Seat A1 (ID: 1) for show 1 is already booked.
2026-08-27T22:59:25.710+05:30  WARN 800 --- [movie-ticket-booking-system] [ool-2-thread-16] c.s.moviebooking.service.BookingService  : Booking conflict: Seat A1 (ID: 1) for show 1 is already booked.
2026-08-27T22:59:25.711+05:30  WARN 800 --- [movie-ticket-booking-system] [pool-2-thread-5] c.s.moviebooking.service.BookingService  : Booking conflict: Seat A1 (ID: 1) for show 1 is already booked.
2026-08-27T22:59:25.713+05:30  WARN 800 --- [movie-ticket-booking-system] [ool-2-thread-14] c.s.moviebooking.service.BookingService  : Booking conflict: Seat A1 (ID: 1) for show 1 is already booked.
2026-08-27T22:59:25.714+05:30  WARN 800 --- [movie-ticket-booking-system] [pool-2-thread-1] c.s.moviebooking.service.BookingService  : Booking conflict: Seat A1 (ID: 1) for show 1 is already booked.
]]></system-out>
  </testcase>
</testsuite>